<?xml version="1.0" encoding="UTF-8"?>
<testng-results total="2" passed="2" failed="0" skipped="0">
  <reporter-output>
  </reporter-output>
  <suite started-at="2021-03-11T18:20:21Z" name="Suite" finished-at="2021-03-11T18:20:54Z" duration-ms="32080">
    <groups>
    </groups>
    <test started-at="2021-03-11T18:20:21Z" name="Test" finished-at="2021-03-11T18:20:54Z" duration-ms="32080">
      <class name="TestCases.NewTest">
        <test-method is-config="true" signature="beforeClass()[pri:0, instance:TestCases.NewTest@4470fbd6]" started-at="2021-03-11T19:20:21Z" name="beforeClass" finished-at="2021-03-11T19:20:25Z" duration-ms="3429" status="PASS">
          <reporter-output>
          </reporter-output>
        </test-method> <!-- beforeClass -->
        <test-method signature="FirstTest()[pri:0, instance:TestCases.NewTest@4470fbd6]" started-at="2021-03-11T19:20:25Z" name="FirstTest" finished-at="2021-03-11T19:20:39Z" duration-ms="13978" status="PASS">
          <reporter-output>
          </reporter-output>
        </test-method> <!-- FirstTest -->
        <test-method signature="SecondTest()[pri:0, instance:TestCases.NewTest@4470fbd6]" started-at="2021-03-11T19:20:39Z" name="SecondTest" finished-at="2021-03-11T19:20:53Z" duration-ms="14571" status="PASS">
          <reporter-output>
          </reporter-output>
        </test-method> <!-- SecondTest -->
        <test-method is-config="true" signature="afterClass()[pri:0, instance:TestCases.NewTest@4470fbd6]" started-at="2021-03-11T19:20:53Z" name="afterClass" finished-at="2021-03-11T19:20:54Z" duration-ms="93" status="PASS">
          <reporter-output>
          </reporter-output>
        </test-method> <!-- afterClass -->
      </class> <!-- TestCases.NewTest -->
    </test> <!-- Test -->
  </suite> <!-- Suite -->
</testng-results>
